<?xml version="1.0" encoding="UTF-8"?>
<!-- Generated by org.testng.reporters.JUnitReportReporter -->
<testsuite hostname="DESKTOP-N01EJ8M" failures="0" tests="1" name="Deepa_Jewellers1122.EndtoEndtest" time="5.472" errors="0" timestamp="2023-01-22T18:01:02 IST" skipped="0">
  <testcase classname="Deepa_Jewellers1122.EndtoEndtest" name="ContactUs_Detailsfill" time="5.472"/>
  <system-out/>
</testsuite> <!-- Deepa_Jewellers1122.EndtoEndtest -->
